2024-12-05 11:00:10,228 - INFO: Found 2 zip file(s) to extract
2024-12-05 11:00:10,891 - INFO: Successfully extracted S2A_MSIL2A_20241122T040101_N0511_R004_T47QLA_20241122T065149.zip to S2A_MSIL2A_20241122T040101_N0511_R004_T47QLA_20241122T065149
2024-12-05 11:00:11,159 - INFO: Successfully extracted S2A_MSIL2A_20241122T040101_N0511_R004_T47QLB_20241122T065149.zip to S2A_MSIL2A_20241122T040101_N0511_R004_T47QLB_20241122T065149
2024-12-05 11:00:11,194 - INFO: Copied T47QLA_20241122T040101_B02_10m.jp2 (Band 02) to D:\Auto Download\Sentinel_2\STN2_Output\T47QLA_20241122T040101
2024-12-05 11:00:11,232 - INFO: Copied T47QLA_20241122T040101_B03_10m.jp2 (Band 03) to D:\Auto Download\Sentinel_2\STN2_Output\T47QLA_20241122T040101
2024-12-05 11:00:11,268 - INFO: Copied T47QLA_20241122T040101_B04_10m.jp2 (Band 04) to D:\Auto Download\Sentinel_2\STN2_Output\T47QLA_20241122T040101
2024-12-05 11:00:11,313 - INFO: Copied T47QLA_20241122T040101_B08_10m.jp2 (Band 08) to D:\Auto Download\Sentinel_2\STN2_Output\T47QLA_20241122T040101
2024-12-05 11:00:11,320 - INFO: Copied T47QLA_20241122T040101_B01_20m.jp2 (Band 01) to D:\Auto Download\Sentinel_2\STN2_Output\T47QLA_20241122T040101
2024-12-05 11:00:11,330 - INFO: Copied T47QLA_20241122T040101_B05_20m.jp2 (Band 05) to D:\Auto Download\Sentinel_2\STN2_Output\T47QLA_20241122T040101
2024-12-05 11:00:11,342 - INFO: Copied T47QLA_20241122T040101_B06_20m.jp2 (Band 06) to D:\Auto Download\Sentinel_2\STN2_Output\T47QLA_20241122T040101
2024-12-05 11:00:11,354 - INFO: Copied T47QLA_20241122T040101_B07_20m.jp2 (Band 07) to D:\Auto Download\Sentinel_2\STN2_Output\T47QLA_20241122T040101
2024-12-05 11:00:11,365 - INFO: Copied T47QLA_20241122T040101_B11_20m.jp2 (Band 11) to D:\Auto Download\Sentinel_2\STN2_Output\T47QLA_20241122T040101
2024-12-05 11:00:11,378 - INFO: Copied T47QLA_20241122T040101_B12_20m.jp2 (Band 12) to D:\Auto Download\Sentinel_2\STN2_Output\T47QLA_20241122T040101
2024-12-05 11:00:11,389 - INFO: Copied T47QLA_20241122T040101_B8A_20m.jp2 (Band 8A) to D:\Auto Download\Sentinel_2\STN2_Output\T47QLA_20241122T040101
2024-12-05 11:00:11,391 - INFO: Copied T47QLA_20241122T040101_B09_60m.jp2 (Band 09) to D:\Auto Download\Sentinel_2\STN2_Output\T47QLA_20241122T040101
2024-12-05 11:00:11,402 - INFO: Copied T47QLB_20241122T040101_B02_10m.jp2 (Band 02) to D:\Auto Download\Sentinel_2\STN2_Output\T47QLB_20241122T040101
2024-12-05 11:00:11,414 - INFO: Copied T47QLB_20241122T040101_B03_10m.jp2 (Band 03) to D:\Auto Download\Sentinel_2\STN2_Output\T47QLB_20241122T040101
2024-12-05 11:00:11,424 - INFO: Copied T47QLB_20241122T040101_B04_10m.jp2 (Band 04) to D:\Auto Download\Sentinel_2\STN2_Output\T47QLB_20241122T040101
2024-12-05 11:00:11,440 - INFO: Copied T47QLB_20241122T040101_B08_10m.jp2 (Band 08) to D:\Auto Download\Sentinel_2\STN2_Output\T47QLB_20241122T040101
2024-12-05 11:00:11,444 - INFO: Copied T47QLB_20241122T040101_B01_20m.jp2 (Band 01) to D:\Auto Download\Sentinel_2\STN2_Output\T47QLB_20241122T040101
2024-12-05 11:00:11,448 - INFO: Copied T47QLB_20241122T040101_B05_20m.jp2 (Band 05) to D:\Auto Download\Sentinel_2\STN2_Output\T47QLB_20241122T040101
2024-12-05 11:00:11,453 - INFO: Copied T47QLB_20241122T040101_B06_20m.jp2 (Band 06) to D:\Auto Download\Sentinel_2\STN2_Output\T47QLB_20241122T040101
2024-12-05 11:00:11,458 - INFO: Copied T47QLB_20241122T040101_B07_20m.jp2 (Band 07) to D:\Auto Download\Sentinel_2\STN2_Output\T47QLB_20241122T040101
2024-12-05 11:00:11,462 - INFO: Copied T47QLB_20241122T040101_B11_20m.jp2 (Band 11) to D:\Auto Download\Sentinel_2\STN2_Output\T47QLB_20241122T040101
2024-12-05 11:00:11,467 - INFO: Copied T47QLB_20241122T040101_B12_20m.jp2 (Band 12) to D:\Auto Download\Sentinel_2\STN2_Output\T47QLB_20241122T040101
2024-12-05 11:00:11,472 - INFO: Copied T47QLB_20241122T040101_B8A_20m.jp2 (Band 8A) to D:\Auto Download\Sentinel_2\STN2_Output\T47QLB_20241122T040101
2024-12-05 11:00:11,473 - INFO: Copied T47QLB_20241122T040101_B09_60m.jp2 (Band 09) to D:\Auto Download\Sentinel_2\STN2_Output\T47QLB_20241122T040101
